\BOOKMARK [0][-]{chapter.1}{\376\377\000A\000u\000t\000h\000e\000n\000t\000i\000c\000a\000t\000i\000o\000n\000\040\000A\000P\000I\000\040\000T\000e\000s\000t\000\040\000C\000a\000s\000e\000s}{}% 1
\BOOKMARK [1][-]{section.1.1}{\376\377\000T\000e\000s\000t\000\040\000C\000a\000s\000e\000s\000\040\000f\000o\000r\000\040\000\140\000/\000r\000e\000g\000i\000s\000t\000e\000r\000\140}{chapter.1}% 2
\BOOKMARK [2][-]{subsection.1.1.1}{\376\377\000T\000e\000s\000t\000\040\000C\000a\000s\000e\000:\000\040\000\140\000t\000e\000s\000t\000\137\000r\000e\000g\000i\000s\000t\000e\000r\000\137\000s\000u\000c\000c\000e\000s\000s\000\140}{section.1.1}% 3
\BOOKMARK [2][-]{subsection.1.1.2}{\376\377\000T\000e\000s\000t\000\040\000C\000a\000s\000e\000:\000\040\000\140\000t\000e\000s\000t\000\137\000r\000e\000g\000i\000s\000t\000e\000r\000\137\000e\000x\000i\000s\000t\000i\000n\000g\000\137\000u\000s\000e\000r\000\140}{section.1.1}% 4
\BOOKMARK [2][-]{subsection.1.1.3}{\376\377\000T\000e\000s\000t\000\040\000C\000a\000s\000e\000:\000\040\000\140\000t\000e\000s\000t\000\137\000r\000e\000g\000i\000s\000t\000e\000r\000\137\000m\000i\000s\000s\000i\000n\000g\000\137\000f\000i\000e\000l\000d\000s\000\140}{section.1.1}% 5
\BOOKMARK [1][-]{section.1.2}{\376\377\000T\000e\000s\000t\000\040\000C\000a\000s\000e\000s\000\040\000f\000o\000r\000\040\000\140\000/\000l\000o\000g\000i\000n\000\140}{chapter.1}% 6
\BOOKMARK [2][-]{subsection.1.2.1}{\376\377\000T\000e\000s\000t\000\040\000C\000a\000s\000e\000:\000\040\000\140\000t\000e\000s\000t\000\137\000l\000o\000g\000i\000n\000\137\000s\000u\000c\000c\000e\000s\000s\000\140}{section.1.2}% 7
\BOOKMARK [2][-]{subsection.1.2.2}{\376\377\000T\000e\000s\000t\000\040\000C\000a\000s\000e\000:\000\040\000\140\000t\000e\000s\000t\000\137\000l\000o\000g\000i\000n\000\137\000i\000n\000c\000o\000r\000r\000e\000c\000t\000\137\000p\000a\000s\000s\000w\000o\000r\000d\000\140}{section.1.2}% 8
\BOOKMARK [2][-]{subsection.1.2.3}{\376\377\000T\000e\000s\000t\000\040\000C\000a\000s\000e\000:\000\040\000\140\000t\000e\000s\000t\000\137\000l\000o\000g\000i\000n\000\137\000n\000o\000n\000\137\000e\000x\000i\000s\000t\000i\000n\000g\000\137\000u\000s\000e\000r\000\140}{section.1.2}% 9
\BOOKMARK [1][-]{section.1.3}{\376\377\000T\000e\000s\000t\000\040\000C\000a\000s\000e\000s\000\040\000f\000o\000r\000\040\000\140\000/\000v\000e\000r\000i\000f\000y\000-\000t\000o\000k\000e\000n\000\140}{chapter.1}% 10
\BOOKMARK [2][-]{subsection.1.3.1}{\376\377\000T\000e\000s\000t\000\040\000C\000a\000s\000e\000:\000\040\000\140\000t\000e\000s\000t\000\137\000v\000e\000r\000i\000f\000y\000\137\000t\000o\000k\000e\000n\000\137\000s\000u\000c\000c\000e\000s\000s\000\140}{section.1.3}% 11
\BOOKMARK [2][-]{subsection.1.3.2}{\376\377\000T\000e\000s\000t\000\040\000C\000a\000s\000e\000:\000\040\000\140\000t\000e\000s\000t\000\137\000v\000e\000r\000i\000f\000y\000\137\000t\000o\000k\000e\000n\000\137\000i\000n\000v\000a\000l\000i\000d\000\140}{section.1.3}% 12
\BOOKMARK [0][-]{chapter.2}{\376\377\000E\000x\000t\000e\000n\000d\000e\000d\000\040\000C\000o\000u\000r\000s\000e\000\040\000A\000P\000I\000\040\000T\000e\000s\000t\000\040\000C\000a\000s\000e\000s}{}% 13
\BOOKMARK [1][-]{section.2.1}{\376\377\000T\000e\000s\000t\000\040\000C\000a\000s\000e\000s\000\040\000f\000o\000r\000\040\000\140\000/\000c\000o\000u\000r\000s\000e\000s\000/\000c\000r\000e\000a\000t\000e\000\140}{chapter.2}% 14
\BOOKMARK [2][-]{subsection.2.1.1}{\376\377\000T\000e\000s\000t\000\040\000C\000a\000s\000e\000:\000\040\000\140\000t\000e\000s\000t\000\137\000c\000r\000e\000a\000t\000e\000\137\000c\000o\000u\000r\000s\000e\000\140}{section.2.1}% 15
\BOOKMARK [2][-]{subsection.2.1.2}{\376\377\000T\000e\000s\000t\000\040\000C\000a\000s\000e\000:\000\040\000\140\000t\000e\000s\000t\000\137\000c\000r\000e\000a\000t\000e\000\137\000c\000o\000u\000r\000s\000e\000\137\000m\000i\000s\000s\000i\000n\000g\000\137\000f\000i\000e\000l\000d\000s\000\140}{section.2.1}% 16
\BOOKMARK [2][-]{subsection.2.1.3}{\376\377\000T\000e\000s\000t\000\040\000C\000a\000s\000e\000:\000\040\000\140\000t\000e\000s\000t\000\137\000c\000r\000e\000a\000t\000e\000\137\000c\000o\000u\000r\000s\000e\000\137\000i\000n\000v\000a\000l\000i\000d\000\137\000d\000a\000t\000a\000\137\000t\000y\000p\000e\000\140}{section.2.1}% 17
\BOOKMARK [1][-]{section.2.2}{\376\377\000T\000e\000s\000t\000\040\000C\000a\000s\000e\000s\000\040\000f\000o\000r\000\040\000\140\000/\000c\000o\000u\000r\000s\000e\000s\000/\000u\000p\000d\000a\000t\000e\000\140}{chapter.2}% 18
\BOOKMARK [2][-]{subsection.2.2.1}{\376\377\000T\000e\000s\000t\000\040\000C\000a\000s\000e\000:\000\040\000\140\000t\000e\000s\000t\000\137\000u\000p\000d\000a\000t\000e\000\137\000c\000o\000u\000r\000s\000e\000\140}{section.2.2}% 19
\BOOKMARK [2][-]{subsection.2.2.2}{\376\377\000T\000e\000s\000t\000\040\000C\000a\000s\000e\000:\000\040\000\140\000t\000e\000s\000t\000\137\000u\000p\000d\000a\000t\000e\000\137\000n\000o\000n\000\137\000e\000x\000i\000s\000t\000e\000n\000t\000\137\000c\000o\000u\000r\000s\000e\000\140}{section.2.2}% 20
\BOOKMARK [2][-]{subsection.2.2.3}{\376\377\000T\000e\000s\000t\000\040\000C\000a\000s\000e\000:\000\040\000\140\000t\000e\000s\000t\000\137\000u\000p\000d\000a\000t\000e\000\137\000c\000o\000u\000r\000s\000e\000\137\000i\000n\000v\000a\000l\000i\000d\000\137\000i\000d\000\140}{section.2.2}% 21
\BOOKMARK [1][-]{section.2.3}{\376\377\000T\000e\000s\000t\000\040\000C\000a\000s\000e\000s\000\040\000f\000o\000r\000\040\000\140\000/\000c\000o\000u\000r\000s\000e\000s\000/\000d\000e\000l\000e\000t\000e\000\140}{chapter.2}% 22
\BOOKMARK [2][-]{subsection.2.3.1}{\376\377\000T\000e\000s\000t\000\040\000C\000a\000s\000e\000:\000\040\000\140\000t\000e\000s\000t\000\137\000d\000e\000l\000e\000t\000e\000\137\000c\000o\000u\000r\000s\000e\000\140}{section.2.3}% 23
\BOOKMARK [2][-]{subsection.2.3.2}{\376\377\000T\000e\000s\000t\000\040\000C\000a\000s\000e\000:\000\040\000\140\000t\000e\000s\000t\000\137\000d\000e\000l\000e\000t\000e\000\137\000n\000o\000n\000\137\000e\000x\000i\000s\000t\000e\000n\000t\000\137\000c\000o\000u\000r\000s\000e\000\140}{section.2.3}% 24
\BOOKMARK [1][-]{section.2.4}{\376\377\000T\000e\000s\000t\000\040\000C\000a\000s\000e\000s\000\040\000f\000o\000r\000\040\000\140\000/\000c\000o\000u\000r\000s\000e\000s\000/\000g\000e\000t\000\140}{chapter.2}% 25
\BOOKMARK [2][-]{subsection.2.4.1}{\376\377\000T\000e\000s\000t\000\040\000C\000a\000s\000e\000:\000\040\000\140\000t\000e\000s\000t\000\137\000g\000e\000t\000\137\000c\000o\000u\000r\000s\000e\000\140}{section.2.4}% 26
\BOOKMARK [2][-]{subsection.2.4.2}{\376\377\000T\000e\000s\000t\000\040\000C\000a\000s\000e\000:\000\040\000\140\000t\000e\000s\000t\000\137\000g\000e\000t\000\137\000c\000o\000u\000r\000s\000e\000\137\000i\000n\000v\000a\000l\000i\000d\000\137\000i\000d\000\140}{section.2.4}% 27
\BOOKMARK [1][-]{section.2.5}{\376\377\000T\000e\000s\000t\000\040\000C\000a\000s\000e\000s\000\040\000f\000o\000r\000\040\000\140\000/\000c\000o\000u\000r\000s\000e\000s\000/\000l\000i\000s\000t\000\140}{chapter.2}% 28
\BOOKMARK [2][-]{subsection.2.5.1}{\376\377\000T\000e\000s\000t\000\040\000C\000a\000s\000e\000:\000\040\000\140\000t\000e\000s\000t\000\137\000g\000e\000t\000\137\000a\000l\000l\000\137\000c\000o\000u\000r\000s\000e\000s\000\140}{section.2.5}% 29
\BOOKMARK [2][-]{subsection.2.5.2}{\376\377\000T\000e\000s\000t\000\040\000C\000a\000s\000e\000:\000\040\000\140\000t\000e\000s\000t\000\137\000g\000e\000t\000\137\000a\000l\000l\000\137\000c\000o\000u\000r\000s\000e\000s\000\137\000p\000a\000g\000i\000n\000a\000t\000i\000o\000n\000\140}{section.2.5}% 30
\BOOKMARK [2][-]{subsection.2.5.3}{\376\377\000T\000e\000s\000t\000\040\000C\000a\000s\000e\000:\000\040\000\140\000t\000e\000s\000t\000\137\000g\000e\000t\000\137\000a\000l\000l\000\137\000c\000o\000u\000r\000s\000e\000s\000\137\000n\000o\000\137\000d\000a\000t\000a\000\140}{section.2.5}% 31
\BOOKMARK [0][-]{chapter.3}{\376\377\000S\000t\000u\000d\000e\000n\000t\000\040\000C\000o\000u\000r\000s\000e\000\040\000M\000a\000n\000a\000g\000e\000m\000e\000n\000t\000\040\000A\000P\000I\000\040\000U\000n\000i\000t\000\040\000T\000e\000s\000t\000s}{}% 32
\BOOKMARK [1][-]{section.3.1}{\376\377\000T\000e\000s\000t\000\040\000C\000a\000s\000e\000s\000\040\000f\000o\000r\000\040\000\140\000/\000s\000t\000u\000d\000e\000n\000t\000/\000e\000n\000r\000o\000l\000l\000e\000d\000\137\000c\000o\000u\000r\000s\000e\000/\000s\000t\000u\000d\000e\000n\000t\000-\000o\000v\000e\000r\000v\000i\000e\000w\000\140}{chapter.3}% 33
\BOOKMARK [2][-]{subsection.3.1.1}{\376\377\000T\000e\000s\000t\000\040\000C\000a\000s\000e\000:\000\040\000\140\000t\000e\000s\000t\000\137\000g\000e\000t\000\137\000s\000t\000u\000d\000e\000n\000t\000\137\000c\000o\000u\000r\000s\000e\000\137\000o\000v\000e\000r\000v\000i\000e\000w\000\137\000s\000u\000c\000c\000e\000s\000s\000\140}{section.3.1}% 34
\BOOKMARK [2][-]{subsection.3.1.2}{\376\377\000T\000e\000s\000t\000\040\000C\000a\000s\000e\000:\000\040\000\140\000t\000e\000s\000t\000\137\000g\000e\000t\000\137\000s\000t\000u\000d\000e\000n\000t\000\137\000c\000o\000u\000r\000s\000e\000\137\000o\000v\000e\000r\000v\000i\000e\000w\000\137\000i\000n\000v\000a\000l\000i\000d\000\137\000c\000o\000u\000r\000s\000e\000\137\000i\000d\000\140}{section.3.1}% 35
\BOOKMARK [2][-]{subsection.3.1.3}{\376\377\000T\000e\000s\000t\000\040\000C\000a\000s\000e\000:\000\040\000\140\000t\000e\000s\000t\000\137\000g\000e\000t\000\137\000s\000t\000u\000d\000e\000n\000t\000\137\000c\000o\000u\000r\000s\000e\000\137\000o\000v\000e\000r\000v\000i\000e\000w\000\137\000i\000n\000v\000a\000l\000i\000d\000\137\000s\000t\000u\000d\000e\000n\000t\000\137\000i\000d\000\140}{section.3.1}% 36
\BOOKMARK [2][-]{subsection.3.1.4}{\376\377\000T\000e\000s\000t\000\040\000C\000a\000s\000e\000:\000\040\000\140\000t\000e\000s\000t\000\137\000g\000e\000t\000\137\000s\000t\000u\000d\000e\000n\000t\000\137\000c\000o\000u\000r\000s\000e\000\137\000o\000v\000e\000r\000v\000i\000e\000w\000\137\000i\000n\000v\000a\000l\000i\000d\000\137\000i\000d\000s\000\140}{section.3.1}% 37
\BOOKMARK [1][-]{section.3.2}{\376\377\000T\000e\000s\000t\000\040\000C\000a\000s\000e\000s\000\040\000f\000o\000r\000\040\000\140\000/\000s\000t\000u\000d\000e\000n\000t\000/\000e\000n\000r\000o\000l\000l\000e\000d\000\137\000c\000o\000u\000r\000s\000e\000/\000\140}{chapter.3}% 38
\BOOKMARK [2][-]{subsection.3.2.1}{\376\377\000T\000e\000s\000t\000\040\000C\000a\000s\000e\000:\000\040\000\140\000t\000e\000s\000t\000\137\000g\000e\000t\000\137\000m\000o\000d\000u\000l\000e\000\137\000d\000e\000t\000a\000i\000l\000s\000\137\000s\000u\000c\000c\000e\000s\000s\000\140}{section.3.2}% 39
\BOOKMARK [2][-]{subsection.3.2.2}{\376\377\000T\000e\000s\000t\000\040\000C\000a\000s\000e\000:\000\040\000\140\000t\000e\000s\000t\000\137\000g\000e\000t\000\137\000m\000o\000d\000u\000l\000e\000\137\000d\000e\000t\000a\000i\000l\000s\000\137\000i\000n\000v\000a\000l\000i\000d\000\137\000c\000o\000u\000r\000s\000e\000\137\000i\000d\000\140}{section.3.2}% 40
\BOOKMARK [2][-]{subsection.3.2.3}{\376\377\000T\000e\000s\000t\000\040\000C\000a\000s\000e\000:\000\040\000\140\000t\000e\000s\000t\000\137\000g\000e\000t\000\137\000m\000o\000d\000u\000l\000e\000\137\000d\000e\000t\000a\000i\000l\000s\000\137\000i\000n\000v\000a\000l\000i\000d\000\137\000m\000o\000d\000u\000l\000e\000\137\000i\000d\000\140}{section.3.2}% 41
\BOOKMARK [2][-]{subsection.3.2.4}{\376\377\000T\000e\000s\000t\000\040\000C\000a\000s\000e\000:\000\040\000\140\000t\000e\000s\000t\000\137\000g\000e\000t\000\137\000m\000o\000d\000u\000l\000e\000\137\000d\000e\000t\000a\000i\000l\000s\000\137\000i\000n\000v\000a\000l\000i\000d\000\137\000i\000d\000s\000\140}{section.3.2}% 42
\BOOKMARK [1][-]{section.3.3}{\376\377\000T\000e\000s\000t\000\040\000C\000a\000s\000e\000s\000\040\000f\000o\000r\000\040\000\140\000/\000s\000t\000u\000d\000e\000n\000t\000/\000c\000o\000u\000r\000s\000e\000s\000/\000\173\000c\000o\000u\000r\000s\000e\000\137\000i\000d\000\175\000\140}{chapter.3}% 43
\BOOKMARK [2][-]{subsection.3.3.1}{\376\377\000T\000e\000s\000t\000\040\000C\000a\000s\000e\000:\000\040\000\140\000t\000e\000s\000t\000\137\000g\000e\000t\000\137\000c\000o\000u\000r\000s\000e\000\137\000d\000e\000t\000a\000i\000l\000s\000\137\000s\000u\000c\000c\000e\000s\000s\000\140}{section.3.3}% 44
\BOOKMARK [2][-]{subsection.3.3.2}{\376\377\000T\000e\000s\000t\000\040\000C\000a\000s\000e\000:\000\040\000\140\000t\000e\000s\000t\000\137\000g\000e\000t\000\137\000c\000o\000u\000r\000s\000e\000\137\000d\000e\000t\000a\000i\000l\000s\000\137\000i\000n\000v\000a\000l\000i\000d\000\137\000c\000o\000u\000r\000s\000e\000\137\000i\000d\000\140}{section.3.3}% 45
\BOOKMARK [1][-]{section.3.4}{\376\377\000T\000e\000s\000t\000\040\000C\000a\000s\000e\000s\000\040\000f\000o\000r\000\040\000\140\000/\000s\000t\000u\000d\000e\000n\000t\000/\000e\000n\000r\000o\000l\000l\000\140}{chapter.3}% 46
\BOOKMARK [2][-]{subsection.3.4.1}{\376\377\000T\000e\000s\000t\000\040\000C\000a\000s\000e\000:\000\040\000\140\000t\000e\000s\000t\000\137\000e\000n\000r\000o\000l\000l\000\137\000s\000t\000u\000d\000e\000n\000t\000\137\000s\000u\000c\000c\000e\000s\000s\000\140}{section.3.4}% 47
\BOOKMARK [2][-]{subsection.3.4.2}{\376\377\000T\000e\000s\000t\000\040\000C\000a\000s\000e\000:\000\040\000\140\000t\000e\000s\000t\000\137\000e\000n\000r\000o\000l\000l\000\137\000s\000t\000u\000d\000e\000n\000t\000\137\000i\000n\000v\000a\000l\000i\000d\000\137\000s\000t\000u\000d\000e\000n\000t\000\137\000i\000d\000\140}{section.3.4}% 48
\BOOKMARK [2][-]{subsection.3.4.3}{\376\377\000T\000e\000s\000t\000\040\000C\000a\000s\000e\000:\000\040\000\140\000t\000e\000s\000t\000\137\000e\000n\000r\000o\000l\000l\000\137\000s\000t\000u\000d\000e\000n\000t\000\137\000i\000n\000v\000a\000l\000i\000d\000\137\000c\000o\000u\000r\000s\000e\000\137\000i\000d\000\140}{section.3.4}% 49
\BOOKMARK [1][-]{section.3.5}{\376\377\000T\000e\000s\000t\000\040\000C\000a\000s\000e\000s\000\040\000f\000o\000r\000\040\000\140\000/\000s\000t\000u\000d\000e\000n\000t\000/\000e\000n\000r\000o\000l\000l\000e\000d\000-\000c\000o\000u\000r\000s\000e\000s\000/\000\173\000s\000t\000u\000d\000e\000n\000t\000\137\000i\000d\000\175\000\140}{chapter.3}% 50
\BOOKMARK [2][-]{subsection.3.5.1}{\376\377\000T\000e\000s\000t\000\040\000C\000a\000s\000e\000:\000\040\000\140\000t\000e\000s\000t\000\137\000g\000e\000t\000\137\000e\000n\000r\000o\000l\000l\000e\000d\000\137\000c\000o\000u\000r\000s\000e\000s\000\137\000s\000u\000c\000c\000e\000s\000s\000\140}{section.3.5}% 51
\BOOKMARK [2][-]{subsection.3.5.2}{\376\377\000T\000e\000s\000t\000\040\000C\000a\000s\000e\000:\000\040\000\140\000t\000e\000s\000t\000\137\000g\000e\000t\000\137\000e\000n\000r\000o\000l\000l\000e\000d\000\137\000c\000o\000u\000r\000s\000e\000s\000\137\000i\000n\000v\000a\000l\000i\000d\000\137\000s\000t\000u\000d\000e\000n\000t\000\137\000i\000d\000\140}{section.3.5}% 52
\BOOKMARK [2][-]{subsection.3.5.3}{\376\377\000T\000e\000s\000t\000\040\000C\000a\000s\000e\000:\000\040\000\140\000t\000e\000s\000t\000\137\000g\000e\000t\000\137\000e\000n\000r\000o\000l\000l\000e\000d\000\137\000c\000o\000u\000r\000s\000e\000s\000\137\000n\000o\000\137\000c\000o\000u\000r\000s\000e\000s\000\140}{section.3.5}% 53
\BOOKMARK [0][-]{chapter.4}{\376\377\000I\000n\000s\000t\000r\000u\000c\000t\000o\000r\000\040\000A\000P\000I\000\040\000T\000e\000s\000t\000\040\000C\000a\000s\000e\000s}{}% 54
\BOOKMARK [1][-]{section.4.1}{\376\377\000T\000e\000s\000t\000\040\000C\000a\000s\000e\000s\000\040\000f\000o\000r\000\040\000\140\000/\000a\000d\000d\000\137\000m\000o\000d\000u\000l\000e\000\140}{chapter.4}% 55
\BOOKMARK [2][-]{subsection.4.1.1}{\376\377\000T\000e\000s\000t\000\040\000C\000a\000s\000e\000:\000\040\000\140\000t\000e\000s\000t\000\137\000a\000d\000d\000\137\000m\000o\000d\000u\000l\000e\000\137\000s\000u\000c\000c\000e\000s\000s\000\140}{section.4.1}% 56
\BOOKMARK [2][-]{subsection.4.1.2}{\376\377\000T\000e\000s\000t\000\040\000C\000a\000s\000e\000:\000\040\000\140\000t\000e\000s\000t\000\137\000a\000d\000d\000\137\000m\000o\000d\000u\000l\000e\000\137\000i\000n\000v\000a\000l\000i\000d\000\137\000c\000o\000u\000r\000s\000e\000i\000d\000\140}{section.4.1}% 57
\BOOKMARK [1][-]{section.4.2}{\376\377\000T\000e\000s\000t\000\040\000C\000a\000s\000e\000s\000\040\000f\000o\000r\000\040\000\140\000/\000e\000d\000i\000t\000\137\000m\000o\000d\000u\000l\000e\000\140}{chapter.4}% 58
\BOOKMARK [2][-]{subsection.4.2.1}{\376\377\000T\000e\000s\000t\000\040\000C\000a\000s\000e\000:\000\040\000\140\000t\000e\000s\000t\000\137\000e\000d\000i\000t\000\137\000m\000o\000d\000u\000l\000e\000\137\000s\000u\000c\000c\000e\000s\000s\000\140}{section.4.2}% 59
\BOOKMARK [2][-]{subsection.4.2.2}{\376\377\000T\000e\000s\000t\000\040\000C\000a\000s\000e\000:\000\040\000\140\000t\000e\000s\000t\000\137\000e\000d\000i\000t\000\137\000m\000o\000d\000u\000l\000e\000\137\000n\000o\000t\000\137\000f\000o\000u\000n\000d\000\140}{section.4.2}% 60
\BOOKMARK [1][-]{section.4.3}{\376\377\000T\000e\000s\000t\000\040\000C\000a\000s\000e\000s\000\040\000f\000o\000r\000\040\000\140\000/\000d\000e\000l\000e\000t\000e\000\137\000m\000o\000d\000u\000l\000e\000\140}{chapter.4}% 61
\BOOKMARK [2][-]{subsection.4.3.1}{\376\377\000T\000e\000s\000t\000\040\000C\000a\000s\000e\000:\000\040\000\140\000t\000e\000s\000t\000\137\000d\000e\000l\000e\000t\000e\000\137\000m\000o\000d\000u\000l\000e\000\137\000s\000u\000c\000c\000e\000s\000s\000\140}{section.4.3}% 62
\BOOKMARK [2][-]{subsection.4.3.2}{\376\377\000T\000e\000s\000t\000\040\000C\000a\000s\000e\000:\000\040\000\140\000t\000e\000s\000t\000\137\000d\000e\000l\000e\000t\000e\000\137\000m\000o\000d\000u\000l\000e\000\137\000n\000o\000t\000\137\000f\000o\000u\000n\000d\000\140}{section.4.3}% 63
\BOOKMARK [1][-]{section.4.4}{\376\377\000T\000e\000s\000t\000\040\000C\000a\000s\000e\000s\000\040\000f\000o\000r\000\040\000\140\000/\000a\000d\000d\000\137\000l\000e\000c\000t\000u\000r\000e\000\140}{chapter.4}% 64
\BOOKMARK [2][-]{subsection.4.4.1}{\376\377\000T\000e\000s\000t\000\040\000C\000a\000s\000e\000:\000\040\000\140\000t\000e\000s\000t\000\137\000a\000d\000d\000\137\000l\000e\000c\000t\000u\000r\000e\000\137\000s\000u\000c\000c\000e\000s\000s\000\140}{section.4.4}% 65
\BOOKMARK [2][-]{subsection.4.4.2}{\376\377\000T\000e\000s\000t\000\040\000C\000a\000s\000e\000:\000\040\000\140\000t\000e\000s\000t\000\137\000a\000d\000d\000\137\000l\000e\000c\000t\000u\000r\000e\000\137\000i\000n\000v\000a\000l\000i\000d\000\137\000m\000o\000d\000u\000l\000e\000i\000d\000\140}{section.4.4}% 66
\BOOKMARK [1][-]{section.4.5}{\376\377\000T\000e\000s\000t\000\040\000C\000a\000s\000e\000s\000\040\000f\000o\000r\000\040\000\140\000/\000e\000d\000i\000t\000\137\000l\000e\000c\000t\000u\000r\000e\000\140}{chapter.4}% 67
\BOOKMARK [2][-]{subsection.4.5.1}{\376\377\000T\000e\000s\000t\000\040\000C\000a\000s\000e\000:\000\040\000\140\000t\000e\000s\000t\000\137\000e\000d\000i\000t\000\137\000l\000e\000c\000t\000u\000r\000e\000\137\000s\000u\000c\000c\000e\000s\000s\000\140}{section.4.5}% 68
\BOOKMARK [2][-]{subsection.4.5.2}{\376\377\000T\000e\000s\000t\000\040\000C\000a\000s\000e\000:\000\040\000\140\000t\000e\000s\000t\000\137\000e\000d\000i\000t\000\137\000l\000e\000c\000t\000u\000r\000e\000\137\000n\000o\000t\000\137\000f\000o\000u\000n\000d\000\140}{section.4.5}% 69
\BOOKMARK [1][-]{section.4.6}{\376\377\000T\000e\000s\000t\000\040\000C\000a\000s\000e\000s\000\040\000f\000o\000r\000\040\000\140\000/\000d\000e\000l\000e\000t\000e\000\137\000l\000e\000c\000t\000u\000r\000e\000\140}{chapter.4}% 70
\BOOKMARK [2][-]{subsection.4.6.1}{\376\377\000T\000e\000s\000t\000\040\000C\000a\000s\000e\000:\000\040\000\140\000t\000e\000s\000t\000\137\000d\000e\000l\000e\000t\000e\000\137\000l\000e\000c\000t\000u\000r\000e\000\137\000s\000u\000c\000c\000e\000s\000s\000\140}{section.4.6}% 71
\BOOKMARK [2][-]{subsection.4.6.2}{\376\377\000T\000e\000s\000t\000\040\000C\000a\000s\000e\000:\000\040\000\140\000t\000e\000s\000t\000\137\000d\000e\000l\000e\000t\000e\000\137\000l\000e\000c\000t\000u\000r\000e\000\137\000n\000o\000t\000\137\000f\000o\000u\000n\000d\000\140}{section.4.6}% 72
\BOOKMARK [1][-]{section.4.7}{\376\377\000T\000e\000s\000t\000\040\000C\000a\000s\000e\000s\000\040\000f\000o\000r\000\040\000\140\000/\000a\000d\000d\000\137\000a\000s\000s\000i\000g\000n\000m\000e\000n\000t\000\140}{chapter.4}% 73
\BOOKMARK [2][-]{subsection.4.7.1}{\376\377\000T\000e\000s\000t\000\040\000C\000a\000s\000e\000:\000\040\000\140\000t\000e\000s\000t\000\137\000a\000d\000d\000\137\000a\000s\000s\000i\000g\000n\000m\000e\000n\000t\000\137\000s\000u\000c\000c\000e\000s\000s\000\140}{section.4.7}% 74
\BOOKMARK [2][-]{subsection.4.7.2}{\376\377\000T\000e\000s\000t\000\040\000C\000a\000s\000e\000:\000\040\000\140\000t\000e\000s\000t\000\137\000a\000d\000d\000\137\000a\000s\000s\000i\000g\000n\000m\000e\000n\000t\000\137\000i\000n\000v\000a\000l\000i\000d\000\137\000m\000o\000d\000u\000l\000e\000i\000d\000\140}{section.4.7}% 75
\BOOKMARK [1][-]{section.4.8}{\376\377\000T\000e\000s\000t\000\040\000C\000a\000s\000e\000s\000\040\000f\000o\000r\000\040\000\140\000/\000e\000d\000i\000t\000\137\000a\000s\000s\000i\000g\000n\000m\000e\000n\000t\000\140}{chapter.4}% 76
\BOOKMARK [2][-]{subsection.4.8.1}{\376\377\000T\000e\000s\000t\000\040\000C\000a\000s\000e\000:\000\040\000\140\000t\000e\000s\000t\000\137\000e\000d\000i\000t\000\137\000a\000s\000s\000i\000g\000n\000m\000e\000n\000t\000\137\000s\000u\000c\000c\000e\000s\000s\000\140}{section.4.8}% 77
\BOOKMARK [2][-]{subsection.4.8.2}{\376\377\000T\000e\000s\000t\000\040\000C\000a\000s\000e\000:\000\040\000\140\000t\000e\000s\000t\000\137\000e\000d\000i\000t\000\137\000a\000s\000s\000i\000g\000n\000m\000e\000n\000t\000\137\000n\000o\000t\000\137\000f\000o\000u\000n\000d\000\140}{section.4.8}% 78
\BOOKMARK [2][-]{subsection.4.8.3}{\376\377\000T\000e\000s\000t\000\040\000C\000a\000s\000e\000:\000\040\000\140\000t\000e\000s\000t\000\137\000e\000d\000i\000t\000\137\000a\000s\000s\000i\000g\000n\000m\000e\000n\000t\000\137\000i\000n\000v\000a\000l\000i\000d\000\137\000m\000o\000d\000u\000l\000e\000i\000d\000\140}{section.4.8}% 79
\BOOKMARK [1][-]{section.4.9}{\376\377\000T\000e\000s\000t\000\040\000C\000a\000s\000e\000s\000\040\000f\000o\000r\000\040\000\140\000/\000d\000e\000l\000e\000t\000e\000\137\000a\000s\000s\000i\000g\000n\000m\000e\000n\000t\000\140}{chapter.4}% 80
\BOOKMARK [2][-]{subsection.4.9.1}{\376\377\000T\000e\000s\000t\000\040\000C\000a\000s\000e\000:\000\040\000\140\000t\000e\000s\000t\000\137\000d\000e\000l\000e\000t\000e\000\137\000a\000s\000s\000i\000g\000n\000m\000e\000n\000t\000\137\000s\000u\000c\000c\000e\000s\000s\000\140}{section.4.9}% 81
\BOOKMARK [2][-]{subsection.4.9.2}{\376\377\000T\000e\000s\000t\000\040\000C\000a\000s\000e\000:\000\040\000\140\000t\000e\000s\000t\000\137\000d\000e\000l\000e\000t\000e\000\137\000a\000s\000s\000i\000g\000n\000m\000e\000n\000t\000\137\000n\000o\000t\000\137\000f\000o\000u\000n\000d\000\140}{section.4.9}% 82
\BOOKMARK [1][-]{section.4.10}{\376\377\000T\000e\000s\000t\000\040\000C\000a\000s\000e\000s\000\040\000f\000o\000r\000\040\000\140\000/\000a\000d\000d\000\137\000m\000o\000d\000u\000l\000e\000\140}{chapter.4}% 83
\BOOKMARK [2][-]{subsection.4.10.1}{\376\377\000T\000e\000s\000t\000\040\000C\000a\000s\000e\000:\000\040\000\140\000t\000e\000s\000t\000\137\000a\000d\000d\000\137\000m\000o\000d\000u\000l\000e\000\137\000s\000u\000c\000c\000e\000s\000s\000\140}{section.4.10}% 84
\BOOKMARK [2][-]{subsection.4.10.2}{\376\377\000T\000e\000s\000t\000\040\000C\000a\000s\000e\000:\000\040\000\140\000t\000e\000s\000t\000\137\000a\000d\000d\000\137\000m\000o\000d\000u\000l\000e\000\137\000i\000n\000v\000a\000l\000i\000d\000\137\000c\000o\000u\000r\000s\000e\000i\000d\000\140}{section.4.10}% 85
\BOOKMARK [1][-]{section.4.11}{\376\377\000T\000e\000s\000t\000\040\000C\000a\000s\000e\000s\000\040\000f\000o\000r\000\040\000\140\000/\000e\000d\000i\000t\000\137\000m\000o\000d\000u\000l\000e\000\140}{chapter.4}% 86
\BOOKMARK [2][-]{subsection.4.11.1}{\376\377\000T\000e\000s\000t\000\040\000C\000a\000s\000e\000:\000\040\000\140\000t\000e\000s\000t\000\137\000e\000d\000i\000t\000\137\000m\000o\000d\000u\000l\000e\000\137\000s\000u\000c\000c\000e\000s\000s\000\140}{section.4.11}% 87
\BOOKMARK [2][-]{subsection.4.11.2}{\376\377\000T\000e\000s\000t\000\040\000C\000a\000s\000e\000:\000\040\000\140\000t\000e\000s\000t\000\137\000e\000d\000i\000t\000\137\000m\000o\000d\000u\000l\000e\000\137\000n\000o\000t\000\137\000f\000o\000u\000n\000d\000\140}{section.4.11}% 88
\BOOKMARK [1][-]{section.4.12}{\376\377\000T\000e\000s\000t\000\040\000C\000a\000s\000e\000s\000\040\000f\000o\000r\000\040\000\140\000/\000d\000e\000l\000e\000t\000e\000\137\000m\000o\000d\000u\000l\000e\000\140}{chapter.4}% 89
\BOOKMARK [2][-]{subsection.4.12.1}{\376\377\000T\000e\000s\000t\000\040\000C\000a\000s\000e\000:\000\040\000\140\000t\000e\000s\000t\000\137\000d\000e\000l\000e\000t\000e\000\137\000m\000o\000d\000u\000l\000e\000\137\000s\000u\000c\000c\000e\000s\000s\000\140}{section.4.12}% 90
\BOOKMARK [2][-]{subsection.4.12.2}{\376\377\000T\000e\000s\000t\000\040\000C\000a\000s\000e\000:\000\040\000\140\000t\000e\000s\000t\000\137\000d\000e\000l\000e\000t\000e\000\137\000m\000o\000d\000u\000l\000e\000\137\000n\000o\000t\000\137\000f\000o\000u\000n\000d\000\140}{section.4.12}% 91
\BOOKMARK [1][-]{section.4.13}{\376\377\000T\000e\000s\000t\000\040\000C\000a\000s\000e\000s\000\040\000f\000o\000r\000\040\000\140\000/\000a\000d\000d\000\137\000l\000e\000c\000t\000u\000r\000e\000\140}{chapter.4}% 92
\BOOKMARK [2][-]{subsection.4.13.1}{\376\377\000T\000e\000s\000t\000\040\000C\000a\000s\000e\000:\000\040\000\140\000t\000e\000s\000t\000\137\000a\000d\000d\000\137\000l\000e\000c\000t\000u\000r\000e\000\137\000s\000u\000c\000c\000e\000s\000s\000\140}{section.4.13}% 93
\BOOKMARK [2][-]{subsection.4.13.2}{\376\377\000T\000e\000s\000t\000\040\000C\000a\000s\000e\000:\000\040\000\140\000t\000e\000s\000t\000\137\000a\000d\000d\000\137\000l\000e\000c\000t\000u\000r\000e\000\137\000i\000n\000v\000a\000l\000i\000d\000\137\000m\000o\000d\000u\000l\000e\000i\000d\000\140}{section.4.13}% 94
\BOOKMARK [1][-]{section.4.14}{\376\377\000T\000e\000s\000t\000\040\000C\000a\000s\000e\000s\000\040\000f\000o\000r\000\040\000\140\000/\000e\000d\000i\000t\000\137\000l\000e\000c\000t\000u\000r\000e\000\140}{chapter.4}% 95
\BOOKMARK [2][-]{subsection.4.14.1}{\376\377\000T\000e\000s\000t\000\040\000C\000a\000s\000e\000:\000\040\000\140\000t\000e\000s\000t\000\137\000e\000d\000i\000t\000\137\000l\000e\000c\000t\000u\000r\000e\000\137\000s\000u\000c\000c\000e\000s\000s\000\140}{section.4.14}% 96
\BOOKMARK [2][-]{subsection.4.14.2}{\376\377\000T\000e\000s\000t\000\040\000C\000a\000s\000e\000:\000\040\000\140\000t\000e\000s\000t\000\137\000e\000d\000i\000t\000\137\000l\000e\000c\000t\000u\000r\000e\000\137\000n\000o\000t\000\137\000f\000o\000u\000n\000d\000\140}{section.4.14}% 97
\BOOKMARK [1][-]{section.4.15}{\376\377\000T\000e\000s\000t\000\040\000C\000a\000s\000e\000s\000\040\000f\000o\000r\000\040\000\140\000/\000d\000e\000l\000e\000t\000e\000\137\000l\000e\000c\000t\000u\000r\000e\000\140}{chapter.4}% 98
\BOOKMARK [2][-]{subsection.4.15.1}{\376\377\000T\000e\000s\000t\000\040\000C\000a\000s\000e\000:\000\040\000\140\000t\000e\000s\000t\000\137\000d\000e\000l\000e\000t\000e\000\137\000l\000e\000c\000t\000u\000r\000e\000\137\000s\000u\000c\000c\000e\000s\000s\000\140}{section.4.15}% 99
\BOOKMARK [2][-]{subsection.4.15.2}{\376\377\000T\000e\000s\000t\000\040\000C\000a\000s\000e\000:\000\040\000\140\000t\000e\000s\000t\000\137\000d\000e\000l\000e\000t\000e\000\137\000l\000e\000c\000t\000u\000r\000e\000\137\000n\000o\000t\000\137\000f\000o\000u\000n\000d\000\140}{section.4.15}% 100
\BOOKMARK [1][-]{section.4.16}{\376\377\000T\000e\000s\000t\000\040\000C\000a\000s\000e\000s\000\040\000f\000o\000r\000\040\000\140\000/\000a\000d\000d\000\137\000a\000s\000s\000i\000g\000n\000m\000e\000n\000t\000\140}{chapter.4}% 101
\BOOKMARK [2][-]{subsection.4.16.1}{\376\377\000T\000e\000s\000t\000\040\000C\000a\000s\000e\000:\000\040\000\140\000t\000e\000s\000t\000\137\000a\000d\000d\000\137\000a\000s\000s\000i\000g\000n\000m\000e\000n\000t\000\137\000s\000u\000c\000c\000e\000s\000s\000\140}{section.4.16}% 102
\BOOKMARK [2][-]{subsection.4.16.2}{\376\377\000T\000e\000s\000t\000\040\000C\000a\000s\000e\000:\000\040\000\140\000t\000e\000s\000t\000\137\000a\000d\000d\000\137\000a\000s\000s\000i\000g\000n\000m\000e\000n\000t\000\137\000i\000n\000v\000a\000l\000i\000d\000\137\000m\000o\000d\000u\000l\000e\000i\000d\000\140}{section.4.16}% 103
\BOOKMARK [1][-]{section.4.17}{\376\377\000T\000e\000s\000t\000\040\000C\000a\000s\000e\000s\000\040\000f\000o\000r\000\040\000\140\000/\000e\000d\000i\000t\000\137\000a\000s\000s\000i\000g\000n\000m\000e\000n\000t\000\140}{chapter.4}% 104
\BOOKMARK [2][-]{subsection.4.17.1}{\376\377\000T\000e\000s\000t\000\040\000C\000a\000s\000e\000:\000\040\000\140\000t\000e\000s\000t\000\137\000e\000d\000i\000t\000\137\000a\000s\000s\000i\000g\000n\000m\000e\000n\000t\000\137\000s\000u\000c\000c\000e\000s\000s\000\140}{section.4.17}% 105
\BOOKMARK [2][-]{subsection.4.17.2}{\376\377\000T\000e\000s\000t\000\040\000C\000a\000s\000e\000:\000\040\000\140\000t\000e\000s\000t\000\137\000e\000d\000i\000t\000\137\000a\000s\000s\000i\000g\000n\000m\000e\000n\000t\000\137\000n\000o\000t\000\137\000f\000o\000u\000n\000d\000\140}{section.4.17}% 106
\BOOKMARK [2][-]{subsection.4.17.3}{\376\377\000T\000e\000s\000t\000\040\000C\000a\000s\000e\000:\000\040\000\140\000t\000e\000s\000t\000\137\000e\000d\000i\000t\000\137\000a\000s\000s\000i\000g\000n\000m\000e\000n\000t\000\137\000i\000n\000v\000a\000l\000i\000d\000\137\000m\000o\000d\000u\000l\000e\000i\000d\000\140}{section.4.17}% 107
\BOOKMARK [1][-]{section.4.18}{\376\377\000T\000e\000s\000t\000\040\000C\000a\000s\000e\000s\000\040\000f\000o\000r\000\040\000\140\000/\000d\000e\000l\000e\000t\000e\000\137\000a\000s\000s\000i\000g\000n\000m\000e\000n\000t\000\140}{chapter.4}% 108
\BOOKMARK [2][-]{subsection.4.18.1}{\376\377\000T\000e\000s\000t\000\040\000C\000a\000s\000e\000:\000\040\000\140\000t\000e\000s\000t\000\137\000d\000e\000l\000e\000t\000e\000\137\000a\000s\000s\000i\000g\000n\000m\000e\000n\000t\000\137\000s\000u\000c\000c\000e\000s\000s\000\140}{section.4.18}% 109
\BOOKMARK [2][-]{subsection.4.18.2}{\376\377\000T\000e\000s\000t\000\040\000C\000a\000s\000e\000:\000\040\000\140\000t\000e\000s\000t\000\137\000d\000e\000l\000e\000t\000e\000\137\000a\000s\000s\000i\000g\000n\000m\000e\000n\000t\000\137\000n\000o\000t\000\137\000f\000o\000u\000n\000d\000\140}{section.4.18}% 110
\BOOKMARK [0][-]{chapter.5}{\376\377\000C\000o\000d\000e\000\040\000C\000o\000m\000p\000u\000t\000a\000t\000i\000o\000n\000\040\000S\000e\000r\000v\000i\000c\000e\000\040\000T\000e\000s\000t\000\040\000C\000a\000s\000e\000s}{}% 111
\BOOKMARK [1][-]{section.5.1}{\376\377\000T\000e\000s\000t\000\040\000C\000a\000s\000e\000s\000\040\000f\000o\000r\000\040\000\140\000/\000c\000o\000m\000p\000u\000t\000e\000\140}{chapter.5}% 112
\BOOKMARK [2][-]{subsection.5.1.1}{\376\377\000T\000e\000s\000t\000\040\000C\000a\000s\000e\000:\000\040\000\140\000t\000e\000s\000t\000\137\000c\000o\000m\000p\000u\000t\000e\000\137\000c\000o\000d\000e\000\137\000p\000y\000t\000h\000o\000n\000\140}{section.5.1}% 113
\BOOKMARK [2][-]{subsection.5.1.2}{\376\377\000T\000e\000s\000t\000\040\000C\000a\000s\000e\000:\000\040\000\140\000t\000e\000s\000t\000\137\000c\000o\000m\000p\000u\000t\000e\000\137\000c\000o\000d\000e\000\137\000j\000a\000v\000a\000\140}{section.5.1}% 114
\BOOKMARK [2][-]{subsection.5.1.3}{\376\377\000T\000e\000s\000t\000\040\000C\000a\000s\000e\000:\000\040\000\140\000t\000e\000s\000t\000\137\000c\000o\000m\000p\000u\000t\000e\000\137\000c\000o\000d\000e\000\137\000i\000n\000v\000a\000l\000i\000d\000\137\000p\000y\000t\000h\000o\000n\000\137\000c\000o\000d\000e\000\140}{section.5.1}% 115
\BOOKMARK [2][-]{subsection.5.1.4}{\376\377\000T\000e\000s\000t\000\040\000C\000a\000s\000e\000:\000\040\000\140\000t\000e\000s\000t\000\137\000c\000o\000m\000p\000u\000t\000e\000\137\000c\000o\000d\000e\000\137\000i\000n\000v\000a\000l\000i\000d\000\137\000j\000a\000v\000a\000\137\000c\000o\000d\000e\000\140}{section.5.1}% 116
\BOOKMARK [2][-]{subsection.5.1.5}{\376\377\000T\000e\000s\000t\000\040\000C\000a\000s\000e\000:\000\040\000\140\000t\000e\000s\000t\000\137\000c\000o\000m\000p\000u\000t\000e\000\137\000c\000o\000d\000e\000\137\000n\000o\000\137\000p\000r\000o\000b\000l\000e\000m\000\137\000i\000n\000f\000o\000\140}{section.5.1}% 117
\BOOKMARK [2][-]{subsection.5.1.6}{\376\377\000T\000e\000s\000t\000\040\000C\000a\000s\000e\000:\000\040\000\140\000t\000e\000s\000t\000\137\000c\000o\000m\000p\000u\000t\000e\000\137\000c\000o\000d\000e\000\137\000e\000m\000p\000t\000y\000\137\000p\000r\000o\000b\000l\000e\000m\000\137\000i\000d\000\140}{section.5.1}% 118
\BOOKMARK [1][-]{section.5.2}{\376\377\000T\000e\000s\000t\000\040\000C\000a\000s\000e\000s\000\040\000f\000o\000r\000\040\000\140\000/\000a\000d\000d\000-\000c\000o\000d\000e\000-\000i\000n\000f\000o\000\140}{chapter.5}% 119
\BOOKMARK [2][-]{subsection.5.2.1}{\376\377\000T\000e\000s\000t\000\040\000C\000a\000s\000e\000:\000\040\000\140\000t\000e\000s\000t\000\137\000a\000d\000d\000\137\000c\000o\000d\000e\000\137\000i\000n\000f\000o\000\140}{section.5.2}% 120
\BOOKMARK [2][-]{subsection.5.2.2}{\376\377\000T\000e\000s\000t\000\040\000C\000a\000s\000e\000:\000\040\000\140\000t\000e\000s\000t\000\137\000a\000d\000d\000\137\000c\000o\000d\000e\000\137\000i\000n\000f\000o\000\137\000m\000i\000s\000s\000i\000n\000g\000\137\000p\000r\000o\000b\000l\000e\000m\000\137\000i\000d\000\140}{section.5.2}% 121
\BOOKMARK [1][-]{section.5.3}{\376\377\000T\000e\000s\000t\000\040\000C\000a\000s\000e\000s\000\040\000f\000o\000r\000\040\000\140\000/\000d\000e\000l\000e\000t\000e\000-\000c\000o\000d\000e\000-\000i\000n\000f\000o\000\140}{chapter.5}% 122
\BOOKMARK [2][-]{subsection.5.3.1}{\376\377\000T\000e\000s\000t\000\040\000C\000a\000s\000e\000:\000\040\000\140\000t\000e\000s\000t\000\137\000d\000e\000l\000e\000t\000e\000\137\000c\000o\000d\000e\000\137\000i\000n\000f\000o\000\140}{section.5.3}% 123
\BOOKMARK [2][-]{subsection.5.3.2}{\376\377\000T\000e\000s\000t\000\040\000C\000a\000s\000e\000:\000\040\000\140\000t\000e\000s\000t\000\137\000d\000e\000l\000e\000t\000e\000\137\000c\000o\000d\000e\000\137\000i\000n\000f\000o\000\137\000n\000o\000t\000\137\000f\000o\000u\000n\000d\000\140}{section.5.3}% 124
\BOOKMARK [0][-]{chapter.6}{\376\377\000A\000I\000\040\000S\000e\000r\000v\000i\000c\000e\000\040\000T\000e\000s\000t\000\040\000C\000a\000s\000e\000s}{}% 125
\BOOKMARK [1][-]{section.6.1}{\376\377\000T\000e\000s\000t\000\040\000C\000a\000s\000e\000s\000\040\000f\000o\000r\000\040\000\140\000/\000a\000i\000-\000s\000e\000a\000r\000c\000h\000-\000c\000o\000u\000r\000s\000e\000s\000\140}{chapter.6}% 126
\BOOKMARK [2][-]{subsection.6.1.1}{\376\377\000T\000e\000s\000t\000\040\000C\000a\000s\000e\000:\000\040\000\140\000t\000e\000s\000t\000\137\000a\000i\000\137\000s\000e\000a\000r\000c\000h\000\137\000c\000o\000u\000r\000s\000e\000s\000\137\000s\000u\000c\000c\000e\000s\000s\000\140}{section.6.1}% 127
\BOOKMARK [2][-]{subsection.6.1.2}{\376\377\000T\000e\000s\000t\000\040\000C\000a\000s\000e\000:\000\040\000\140\000t\000e\000s\000t\000\137\000a\000i\000\137\000s\000e\000a\000r\000c\000h\000\137\000c\000o\000u\000r\000s\000e\000s\000\137\000n\000o\000\137\000d\000a\000t\000a\000\140}{section.6.1}% 128
\BOOKMARK [2][-]{subsection.6.1.3}{\376\377\000T\000e\000s\000t\000\040\000C\000a\000s\000e\000:\000\040\000\140\000t\000e\000s\000t\000\137\000a\000i\000\137\000s\000e\000a\000r\000c\000h\000\137\000c\000o\000u\000r\000s\000e\000s\000\137\000m\000i\000s\000s\000i\000n\000g\000\137\000p\000r\000o\000m\000p\000t\000\140}{section.6.1}% 129
\BOOKMARK [1][-]{section.6.2}{\376\377\000T\000e\000s\000t\000\040\000C\000a\000s\000e\000s\000\040\000f\000o\000r\000\040\000\140\000/\000a\000i\000-\000e\000x\000p\000l\000a\000i\000n\000-\000c\000o\000u\000r\000s\000e\000\140}{chapter.6}% 130
\BOOKMARK [2][-]{subsection.6.2.1}{\376\377\000T\000e\000s\000t\000\040\000C\000a\000s\000e\000:\000\040\000\140\000t\000e\000s\000t\000\137\000a\000i\000\137\000e\000x\000p\000l\000a\000i\000n\000\137\000c\000o\000u\000r\000s\000e\000\137\000s\000u\000c\000c\000e\000s\000s\000\140}{section.6.2}% 131
\BOOKMARK [2][-]{subsection.6.2.2}{\376\377\000T\000e\000s\000t\000\040\000C\000a\000s\000e\000:\000\040\000\140\000t\000e\000s\000t\000\137\000a\000i\000\137\000e\000x\000p\000l\000a\000i\000n\000\137\000c\000o\000u\000r\000s\000e\000\137\000n\000o\000\137\000d\000a\000t\000a\000\140}{section.6.2}% 132
\BOOKMARK [2][-]{subsection.6.2.3}{\376\377\000T\000e\000s\000t\000\040\000C\000a\000s\000e\000:\000\040\000\140\000t\000e\000s\000t\000\137\000a\000i\000\137\000e\000x\000p\000l\000a\000i\000n\000\137\000c\000o\000u\000r\000s\000e\000\137\000m\000i\000s\000s\000i\000n\000g\000\137\000p\000r\000o\000m\000p\000t\000\140}{section.6.2}% 133
\BOOKMARK [1][-]{section.6.3}{\376\377\000T\000e\000s\000t\000\040\000C\000a\000s\000e\000s\000\040\000f\000o\000r\000\040\000\140\000/\000a\000i\000-\000s\000u\000m\000m\000a\000r\000i\000z\000e\000-\000t\000r\000a\000n\000s\000c\000r\000i\000p\000t\000\140}{chapter.6}% 134
\BOOKMARK [2][-]{subsection.6.3.1}{\376\377\000T\000e\000s\000t\000\040\000C\000a\000s\000e\000:\000\040\000\140\000t\000e\000s\000t\000\137\000a\000i\000\137\000s\000u\000m\000m\000a\000r\000i\000z\000e\000\137\000t\000r\000a\000n\000s\000c\000r\000i\000p\000t\000\137\000s\000u\000c\000c\000e\000s\000s\000\140}{section.6.3}% 135
\BOOKMARK [2][-]{subsection.6.3.2}{\376\377\000T\000e\000s\000t\000\040\000C\000a\000s\000e\000:\000\040\000\140\000t\000e\000s\000t\000\137\000a\000i\000\137\000s\000u\000m\000m\000a\000r\000i\000z\000e\000\137\000t\000r\000a\000n\000s\000c\000r\000i\000p\000t\000\137\000n\000o\000\137\000d\000a\000t\000a\000\140}{section.6.3}% 136
\BOOKMARK [2][-]{subsection.6.3.3}{\376\377\000T\000e\000s\000t\000\040\000C\000a\000s\000e\000:\000\040\000\140\000t\000e\000s\000t\000\137\000a\000i\000\137\000s\000u\000m\000m\000a\000r\000i\000z\000e\000\137\000t\000r\000a\000n\000s\000c\000r\000i\000p\000t\000\137\000m\000i\000s\000s\000i\000n\000g\000\137\000p\000r\000o\000m\000p\000t\000\140}{section.6.3}% 137
\BOOKMARK [1][-]{section.6.4}{\376\377\000T\000e\000s\000t\000\040\000C\000a\000s\000e\000s\000\040\000f\000o\000r\000\040\000\140\000/\000a\000i\000-\000p\000r\000o\000g\000r\000a\000m\000m\000i\000n\000g\000-\000f\000e\000e\000d\000b\000a\000c\000k\000\140}{chapter.6}% 138
\BOOKMARK [2][-]{subsection.6.4.1}{\376\377\000T\000e\000s\000t\000\040\000C\000a\000s\000e\000:\000\040\000\140\000t\000e\000s\000t\000\137\000a\000i\000\137\000p\000r\000o\000g\000r\000a\000m\000m\000i\000n\000g\000\137\000f\000e\000e\000d\000b\000a\000c\000k\000\137\000s\000u\000c\000c\000e\000s\000s\000\140}{section.6.4}% 139
\BOOKMARK [2][-]{subsection.6.4.2}{\376\377\000T\000e\000s\000t\000\040\000C\000a\000s\000e\000:\000\040\000\140\000t\000e\000s\000t\000\137\000a\000i\000\137\000p\000r\000o\000g\000r\000a\000m\000m\000i\000n\000g\000\137\000f\000e\000e\000d\000b\000a\000c\000k\000\137\000m\000i\000s\000s\000i\000n\000g\000\137\000d\000a\000t\000a\000\140}{section.6.4}% 140
\BOOKMARK [2][-]{subsection.6.4.3}{\376\377\000T\000e\000s\000t\000\040\000C\000a\000s\000e\000:\000\040\000\140\000t\000e\000s\000t\000\137\000a\000i\000\137\000p\000r\000o\000g\000r\000a\000m\000m\000i\000n\000g\000\137\000f\000e\000e\000d\000b\000a\000c\000k\000\137\000m\000i\000s\000s\000i\000n\000g\000\137\000p\000r\000o\000m\000p\000t\000\140}{section.6.4}% 141
